Drill report for Coursework.kicad_pcb
Created on 25/07/2023 17:39:48

Copper Layer Stackup:
    =============================================================
    L1 :  F.Cu                      front
    L2 :  B.Cu                      back


Drill file 'Coursework-PTH.drl' contains
    plated through holes:
    =============================================================
    T1  0.400mm  0.0157"  (67 holes)
    T2  0.550mm  0.0217"  (4 holes)
    T3  0.700mm  0.0276"  (8 holes)
    T4  0.750mm  0.0295"  (6 holes)
    T5  0.800mm  0.0315"  (106 holes)
    T6  1.000mm  0.0394"  (18 holes)
    T7  1.100mm  0.0433"  (13 holes)
    T8  3.200mm  0.1260"  (4 holes)

    Total plated holes count 226


Drill file 'Coursework-NPTH.drl' contains
    unplated through holes:
    =============================================================

    Total unplated holes count 0
